<?xml version="1.0" encoding="utf-8"?><testsuites name="pytest tests"><testsuite name="pytest" errors="0" failures="0" skipped="0" tests="148" time="19.894" timestamp="2026-07-08T10:31:22.875170+02:00" hostname="LAPTOP-VQ5BKVA1"><testcase classname="tests.e2e.data.test_data_pipeline" name="test_data_pipeline" time="0.763" /><testcase classname="tests.integration.data.discourse_topics.test_discourse_topics" name="test_discourse_topics" time="0.145" /><testcase classname="tests.integration.data.jenkins_docs.test_jenkins_docs" name="test_jenkins_docs" time="0.311" /><testcase classname="tests.integration.data.plugin_docs.test_plugin_docs" name="test_plugin_docs" time="0.462" /><testcase classname="tests.integration.data.reddit_threads.test_reddit_threads" name="test_reddit_threads" time="1.063" /><testcase classname="tests.unit.data.chunking.test_chunking_utils" name="test_assign_code_blocks_to_chunks[Intro text [CODE_BLOCK_0] end.-expected_code_contents0-1]" time="0.001" /><testcase classname="tests.unit.data.chunking.test_chunking_utils" name="test_assign_code_blocks_to_chunks[See [CODE_BLOCK_2] and [CODE_BLOCK_0] for details.-expected_code_contents1-1]" time="0.001" /><testcase classname="tests.unit.data.chunking.test_chunking_utils" name="test_assign_code_blocks_to_chunks[Plain text with no placeholders.-expected_code_contents2-1]" time="0.001" /><testcase classname="tests.unit.data.chunking.test_chunking_utils" name="test_assign_code_blocks_to_chunks[Repeated [CODE_BLOCK_1]] and again [CODE_BLOCK_1].-expected_code_contents3-1]" time="0.001" /><testcase classname="tests.unit.data.chunking.test_chunking_utils" name="test_assign_code_blocks_to_chunks[Reference to [CODE_BLOCK_99] which does not exist.-expected_code_contents4-1]" time="0.001" /><testcase classname="tests.unit.data.chunking.test_chunking_utils" name="test_empty_chunks_list" time="0.001" /><testcase classname="tests.unit.data.chunking.test_chunking_utils" name="test_empty_code_blocks_list" time="0.001" /><testcase classname="tests.unit.data.chunking.test_chunking_utils" name="test_multiple_chunks_independently_assigned" time="0.001" /><testcase classname="tests.unit.data.collection.discourse_topics.test_discourse_topics_utils" name="test_build_discourse_endpoint[None-None-None-https://discourse.example.com/latest.json]" time="0.001" /><testcase classname="tests.unit.data.collection.discourse_topics.test_discourse_topics_utils" name="test_build_discourse_endpoint[support-None-None-https://discourse.example.com/c/support.json]" time="0.001" /><testcase classname="tests.unit.data.collection.discourse_topics.test_discourse_topics_utils" name="test_build_discourse_endpoint[support-billing-None-https://discourse.example.com/c/support/billing.json]" time="0.001" /><testcase classname="tests.unit.data.collection.discourse_topics.test_discourse_topics_utils" name="test_build_discourse_endpoint[None-None-python-https://discourse.example.com/tag/python.json]" time="0.001" /><testcase classname="tests.unit.data.collection.discourse_topics.test_discourse_topics_utils" name="test_build_discourse_endpoint[support-None-python-https://discourse.example.com/tags/c/support/python.json]" time="0.001" /><testcase classname="tests.unit.data.collection.discourse_topics.test_discourse_topics_utils" name="test_build_discourse_endpoint[support-billing-python-https://discourse.example.com/tags/c/support/billing/python.json]" time="0.001" /><testcase classname="tests.unit.data.collection.discourse_topics.test_discourse_topics_utils" name="test_build_discourse_endpoint[None-billing-python-https://discourse.example.com/tag/python.json]" time="0.001" /><testcase classname="tests.unit.data.collection.discourse_topics.test_discourse_topics_utils" name="test_base_url_trailing_slash_stripped" time="0.000" /><testcase classname="tests.unit.data.collection.discourse_topics.test_discourse_topics_utils" name="test_build_topic_tree[raw_posts0-3-expected_replies0]" time="0.001" /><testcase classname="tests.unit.data.collection.discourse_topics.test_discourse_topics_utils" name="test_build_topic_tree[raw_posts1-1-expected_replies1]" time="0.001" /><testcase classname="tests.unit.data.collection.discourse_topics.test_discourse_topics_utils" name="test_build_topic_tree[raw_posts2-1-expected_replies2]" time="0.001" /><testcase classname="tests.unit.data.collection.discourse_topics.test_discourse_topics_utils" name="test_build_topic_tree[raw_posts3-1-expected_replies3]" time="0.001" /><testcase classname="tests.unit.data.collection.discourse_topics.test_discourse_topics_utils" name="test_build_topic_tree[raw_posts4-1-expected_replies4]" time="0.001" /><testcase classname="tests.unit.data.collection.discourse_topics.test_discourse_topics_utils" name="test_build_topic_tree_empty_input" time="0.001" /><testcase classname="tests.unit.data.collection.discourse_topics.test_discourse_topics_utils" name="test_build_topic_tree_returns_post_instances" time="0.001" /><testcase classname="tests.unit.data.collection.discourse_topics.test_discourse_topics_utils" name="test_build_topic_tree_from_dict_field_mapping" time="0.001" /><testcase classname="tests.unit.data.collection.discourse_topics.test_discourse_topics_utils" name="test_export_topics_to_json[topics0-1-expected_titles0]" time="0.021" /><testcase classname="tests.unit.data.collection.discourse_topics.test_discourse_topics_utils" name="test_export_topics_to_json[topics1-3-expected_titles1]" time="0.018" /><testcase classname="tests.unit.data.collection.discourse_topics.test_discourse_topics_utils" name="test_export_topics_to_json[topics2-0-expected_titles2]" time="0.017" /><testcase classname="tests.unit.data.collection.discourse_topics.test_discourse_topics_utils" name="test_export_topics_to_json[topics3-1-expected_titles3]" time="0.017" /><testcase classname="tests.unit.data.collection.discourse_topics.test_discourse_topics_utils" name="test_export_topics_to_json[topics4-1-expected_titles4]" time="0.018" /><testcase classname="tests.unit.data.collection.discourse_topics.test_discourse_topics_utils" name="test_export_topics_to_json_valid_json_structure" time="0.017" /><testcase classname="tests.unit.data.collection.jenkins_docs.test_jenkins_docs_utils" name="test_normalize_url[https://docs.example.com/guide-https://docs.example.com/guide/]" time="0.001" /><testcase classname="tests.unit.data.collection.jenkins_docs.test_jenkins_docs_utils" name="test_normalize_url[https://docs.example.com/guide/-https://docs.example.com/guide/]" time="0.001" /><testcase classname="tests.unit.data.collection.jenkins_docs.test_jenkins_docs_utils" name="test_normalize_url[https://docs.example.com/page.html-https://docs.example.com/page.html]" time="0.001" /><testcase classname="tests.unit.data.collection.jenkins_docs.test_jenkins_docs_utils" name="test_normalize_url[https://docs.example.com/redirect?to=page.html-https://docs.example.com/redirect?to=page.html]" time="0.001" /><testcase classname="tests.unit.data.collection.jenkins_docs.test_jenkins_docs_utils" name="test_normalize_url[https://docs.example.com-https://docs.example.com/]" time="0.001" /><testcase classname="tests.unit.data.collection.jenkins_docs.test_jenkins_docs_utils" name="test_is_valid_url[https://docs.example.com/guide/-docs.example.com-True]" time="0.001" /><testcase classname="tests.unit.data.collection.jenkins_docs.test_jenkins_docs_utils" name="test_is_valid_url[http://docs.example.com/intro/-docs.example.com-True]" time="0.001" /><testcase classname="tests.unit.data.collection.jenkins_docs.test_jenkins_docs_utils" name="test_is_valid_url[https://docs.example.com/guide/#section-docs.example.com-False]" time="0.001" /><testcase classname="tests.unit.data.collection.jenkins_docs.test_jenkins_docs_utils" name="test_is_valid_url[https://external-site.com/page/-docs.example.com-False]" time="0.000" /><testcase classname="tests.unit.data.collection.jenkins_docs.test_jenkins_docs_utils" name="test_is_valid_url[/guide/page/-docs.example.com-False]" time="0.001" /><testcase classname="tests.unit.data.collection.jenkins_docs.test_jenkins_docs_utils" name="test_extract_page_content_container[&lt;div class=&quot;col-8&quot;&gt;&lt;p&gt;Dev content&lt;/p&gt;&lt;/div&gt;-Dev content-col-8]" time="0.001" /><testcase classname="tests.unit.data.collection.jenkins_docs.test_jenkins_docs_utils" name="test_extract_page_content_container[&lt;div class=&quot;col-lg-9&quot;&gt;&lt;p&gt;User content&lt;/p&gt;&lt;/div&gt;-User content-col-lg-9]" time="0.001" /><testcase classname="tests.unit.data.collection.jenkins_docs.test_jenkins_docs_utils" name="test_extract_page_content_container[&lt;div class=&quot;container&quot;&gt;&lt;p&gt;Fallback content&lt;/p&gt;&lt;/div&gt;-Fallback content-container]" time="0.001" /><testcase classname="tests.unit.data.collection.jenkins_docs.test_jenkins_docs_utils" name="test_extract_page_content_container[&lt;div class=&quot;col-8&quot;&gt;&lt;p&gt;Primary&lt;/p&gt;&lt;/div&gt;&lt;div class=&quot;col-lg-9&quot;&gt;&lt;p&gt;Secondary&lt;/p&gt;&lt;/div&gt;-Primary-col-8]" time="0.001" /><testcase classname="tests.unit.data.collection.jenkins_docs.test_jenkins_docs_utils" name="test_extract_page_content_container[&lt;div class=&quot;col-12&quot;&gt;&lt;p&gt;Irrelevant&lt;/p&gt;&lt;/div&gt;--None]" time="0.001" /><testcase classname="tests.unit.data.collection.plugin_docs.test_plugin_docs_utils" name="test_get_version[&lt;aside&gt;&lt;h5&gt;Version 1.2.3&lt;/h5&gt;&lt;/aside&gt;-1.2.3]" time="0.001" /><testcase classname="tests.unit.data.collection.plugin_docs.test_plugin_docs_utils" name="test_get_version[&lt;aside&gt;&lt;h5&gt;Version 42.0.0&lt;/h5&gt;&lt;/aside&gt;-42.0.0]" time="0.001" /><testcase classname="tests.unit.data.collection.plugin_docs.test_plugin_docs_utils" name="test_get_version[&lt;aside&gt;&lt;h6&gt;Version 1.0.0&lt;/h6&gt;&lt;/aside&gt;-None]" time="0.001" /><testcase classname="tests.unit.data.collection.plugin_docs.test_plugin_docs_utils" name="test_get_version[&lt;aside&gt;&lt;/aside&gt;-None]" time="0.001" /><testcase classname="tests.unit.data.collection.plugin_docs.test_plugin_docs_utils" name="test_get_version[&lt;aside&gt;&lt;div&gt;&lt;h5&gt;Version 3.1.4&lt;/h5&gt;&lt;/div&gt;&lt;/aside&gt;-3.1.4]" time="0.001" /><testcase classname="tests.unit.data.collection.plugin_docs.test_plugin_docs_utils" name="test_get_jenkins_version_req_and_release_date[&lt;aside&gt;\n            &lt;div&gt;&lt;time datetime=&quot;2024-06-15&quot;&gt;June 15, 2024&lt;/time&gt;&lt;/div&gt;\n            &lt;div&gt;Requires Jenkins 2.387.3&lt;/div&gt;\n        &lt;/aside&gt;-2.387.3-2024-06-15]" time="0.001" /><testcase classname="tests.unit.data.collection.plugin_docs.test_plugin_docs_utils" name="test_get_jenkins_version_req_and_release_date[&lt;aside&gt;\n            &lt;div&gt;&lt;span&gt;No date here&lt;/span&gt;&lt;/div&gt;\n            &lt;div&gt;Requires Jenkins 2.100.0&lt;/div&gt;\n        &lt;/aside&gt;-2.100.0-None]" time="0.001" /><testcase classname="tests.unit.data.collection.plugin_docs.test_plugin_docs_utils" name="test_get_jenkins_version_req_and_release_date[&lt;aside&gt;\n            &lt;div&gt;&lt;time datetime=&quot;2023-01-01&quot;&gt;Jan 1, 2023&lt;/time&gt;&lt;/div&gt;\n            &lt;div&gt;Requires Jenkins 2.000.1&lt;/div&gt;\n        &lt;/aside&gt;-2.000.1-2023-01-01]" time="0.002" /><testcase classname="tests.unit.data.collection.plugin_docs.test_plugin_docs_utils" name="test_get_jenkins_version_req_and_release_date[&lt;aside&gt;\n            &lt;div&gt;&lt;time datetime=&quot;2024-06-15T10:30:00Z&quot;&gt;June 15, 2024&lt;/time&gt;&lt;/div&gt;\n            &lt;div&gt;Requires Jenkins 2.440.0&lt;/div&gt;\n        &lt;/aside&gt;-2.440.0-2024-06-15T10:30:00Z]" time="0.001" /><testcase classname="tests.unit.data.collection.plugin_docs.test_plugin_docs_utils" name="test_get_jenkins_version_req_and_release_date[&lt;aside&gt;\n            &lt;div&gt;&lt;time datetime=&quot;2024-03-10&quot;&gt;Mar 10, 2024&lt;/time&gt;&lt;/div&gt;\n            &lt;div&gt;  Requires Jenkins 2.375.0  &lt;/div&gt;\n        &lt;/aside&gt;-2.375.0-2024-03-10]" time="0.001" /><testcase classname="tests.unit.data.collection.reddit_threads.test_reddit_threads_utils" name="test_get_subreddit_page_url[python-Section.Hot-https://old.reddit.com/r/python]" time="0.001" /><testcase classname="tests.unit.data.collection.reddit_threads.test_reddit_threads_utils" name="test_get_subreddit_page_url[python-Section.New-https://old.reddit.com/r/python/new/]" time="0.000" /><testcase classname="tests.unit.data.collection.reddit_threads.test_reddit_threads_utils" name="test_get_subreddit_page_url[MachineLearning-Section.Rising-https://old.reddit.com/r/MachineLearning/rising/]" time="0.001" /><testcase classname="tests.unit.data.collection.reddit_threads.test_reddit_threads_utils" name="test_get_subreddit_page_url[worldnews-Section.Controversial-https://old.reddit.com/r/worldnews/controversial/]" time="0.001" /><testcase classname="tests.unit.data.collection.reddit_threads.test_reddit_threads_utils" name="test_get_subreddit_page_url[programming-Section.Top-https://old.reddit.com/r/programming/top/]" time="0.001" /><testcase classname="tests.unit.data.collection.reddit_threads.test_reddit_threads_utils" name="test_get_subreddit_page_url_default_section" time="0.000" /><testcase classname="tests.unit.data.collection.reddit_threads.test_reddit_threads_utils" name="test_extract_integer[14 points-14]" time="0.001" /><testcase classname="tests.unit.data.collection.reddit_threads.test_reddit_threads_utils" name="test_extract_integer[1,234 votes-1234]" time="0.000" /><testcase classname="tests.unit.data.collection.reddit_threads.test_reddit_threads_utils" name="test_extract_integer[-42 points--42]" time="0.001" /><testcase classname="tests.unit.data.collection.reddit_threads.test_reddit_threads_utils" name="test_extract_integer[-0]" time="0.001" /><testcase classname="tests.unit.data.collection.reddit_threads.test_reddit_threads_utils" name="test_extract_integer[no numbers here-0]" time="0.001" /><testcase classname="tests.unit.data.collection.reddit_threads.test_reddit_threads_utils" name="test_parse_reddit_datetime[2024-06-15T10:30:00-expected0]" time="0.001" /><testcase classname="tests.unit.data.collection.reddit_threads.test_reddit_threads_utils" name="test_parse_reddit_datetime[2024-01-01T00:00:00+00:00-expected1]" time="0.001" /><testcase classname="tests.unit.data.collection.reddit_threads.test_reddit_threads_utils" name="test_parse_reddit_datetime[None-None]" time="0.001" /><testcase classname="tests.unit.data.collection.reddit_threads.test_reddit_threads_utils" name="test_parse_reddit_datetime[not-a-datetime-None]" time="0.001" /><testcase classname="tests.unit.data.collection.reddit_threads.test_reddit_threads_utils" name="test_parse_reddit_datetime[2024-06-15-expected4]" time="0.001" /><testcase classname="tests.unit.data.collection.reddit_threads.test_reddit_threads_utils" name="test_parse_reddit_datetime_none_element" time="0.000" /><testcase classname="tests.unit.data.collection.reddit_threads.test_reddit_threads_utils" name="test_build_thread_tree[comments0-2-expected_replies0]" time="0.001" /><testcase classname="tests.unit.data.collection.reddit_threads.test_reddit_threads_utils" name="test_build_thread_tree[comments1-1-expected_replies1]" time="0.001" /><testcase classname="tests.unit.data.collection.reddit_threads.test_reddit_threads_utils" name="test_build_thread_tree[comments2-1-expected_replies2]" time="0.001" /><testcase classname="tests.unit.data.collection.reddit_threads.test_reddit_threads_utils" name="test_build_thread_tree[comments3-1-expected_replies3]" time="0.001" /><testcase classname="tests.unit.data.collection.reddit_threads.test_reddit_threads_utils" name="test_build_thread_tree[comments4-0-expected_replies4]" time="0.001" /><testcase classname="tests.unit.data.collection.reddit_threads.test_reddit_threads_utils" name="test_build_thread_tree_returns_dict" time="0.000" /><testcase classname="tests.unit.data.collection.reddit_threads.test_reddit_threads_utils" name="test_build_thread_tree_preserves_thread_fields" time="0.001" /><testcase classname="tests.unit.data.collection.reddit_threads.test_reddit_threads_utils" name="test_build_thread_tree_every_comment_has_replies_key" time="0.000" /><testcase classname="tests.unit.data.collection.reddit_threads.test_reddit_threads_utils" name="test_build_thread_trees[threads0-1-expected_root_counts0]" time="0.001" /><testcase classname="tests.unit.data.collection.reddit_threads.test_reddit_threads_utils" name="test_build_thread_trees[threads1-2-expected_root_counts1]" time="0.001" /><testcase classname="tests.unit.data.collection.reddit_threads.test_reddit_threads_utils" name="test_build_thread_trees[threads2-1-expected_root_counts2]" time="0.001" /><testcase classname="tests.unit.data.collection.reddit_threads.test_reddit_threads_utils" name="test_build_thread_trees[threads3-0-expected_root_counts3]" time="0.001" /><testcase classname="tests.unit.data.collection.reddit_threads.test_reddit_threads_utils" name="test_build_thread_trees[threads4-2-expected_root_counts4]" time="0.001" /><testcase classname="tests.unit.data.collection.reddit_threads.test_reddit_threads_utils" name="test_build_thread_trees_returns_dict_with_required_keys" time="0.000" /><testcase classname="tests.unit.data.collection.reddit_threads.test_reddit_threads_utils" name="test_export_threads_to_json[threads0-1-expected_titles0]" time="0.021" /><testcase classname="tests.unit.data.collection.reddit_threads.test_reddit_threads_utils" name="test_export_threads_to_json[threads1-2-expected_titles1]" time="0.022" /><testcase classname="tests.unit.data.collection.reddit_threads.test_reddit_threads_utils" name="test_export_threads_to_json[threads2-0-expected_titles2]" time="0.015" /><testcase classname="tests.unit.data.collection.reddit_threads.test_reddit_threads_utils" name="test_export_threads_to_json[threads3-1-expected_titles3]" time="0.018" /><testcase classname="tests.unit.data.collection.reddit_threads.test_reddit_threads_utils" name="test_export_threads_to_json[threads4-1-expected_titles4]" time="0.016" /><testcase classname="tests.unit.data.collection.test_collection_utils" name="test_sleep_function" time="0.002" /><testcase classname="tests.unit.data.collection.test_collection_utils" name="test_retry_success_first_attempt" time="0.000" /><testcase classname="tests.unit.data.collection.test_collection_utils" name="test_retry_success_after_failures" time="0.001" /><testcase classname="tests.unit.data.collection.test_collection_utils" name="test_retry_max_attempts_exceeded" time="0.002" /><testcase classname="tests.unit.data.formatting.test_formatting_utils" name="test_build_document_creates_correct_instance" time="0.000" /><testcase classname="tests.unit.data.formatting.test_formatting_utils" name="test_extract_title_prioritizes_h1" time="0.001" /><testcase classname="tests.unit.data.formatting.test_formatting_utils" name="test_extract_title_falls_back_to_title_if_h1_empty" time="0.001" /><testcase classname="tests.unit.data.formatting.test_formatting_utils" name="test_extract_title_falls_back_to_title_if_no_h1" time="0.001" /><testcase classname="tests.unit.data.formatting.test_formatting_utils" name="test_extract_title_returns_untitled_when_no_tags_found" time="0.001" /><testcase classname="tests.unit.data.formatting.test_formatting_utils" name="test_extract_code_blocks_returns_correct_list" time="0.001" /><testcase classname="tests.unit.data.formatting.test_formatting_utils" name="test_extract_code_blocks_modifies_soup_with_placeholders" time="0.001" /><testcase classname="tests.unit.data.formatting.test_formatting_utils" name="test_extract_code_blocks_with_custom_index_start" time="0.001" /><testcase classname="tests.unit.data.preprocessing.test_preprocessing_utils" name="test_split_doc_types" time="0.001" /><testcase classname="tests.unit.data.preprocessing.test_preprocessing_utils" name="test_extract_page_content_container" time="0.001" /><testcase classname="tests.unit.data.preprocessing.test_preprocessing_utils" name="test_remove_container_by_class" time="0.001" /><testcase classname="tests.unit.data.preprocessing.test_preprocessing_utils" name="test_remove_tags" time="0.002" /><testcase classname="tests.unit.data.preprocessing.test_preprocessing_utils" name="test_remove_html_comments[&lt;p&gt;Hello&lt;/p&gt;&lt;!-- secret --&gt;&lt;p&gt;World&lt;/p&gt;-World-secret]" time="0.002" /><testcase classname="tests.unit.data.preprocessing.test_preprocessing_utils" name="test_remove_html_comments[&lt;!-- one --&gt;&lt;div&gt;Content&lt;/div&gt;&lt;!-- two --&gt;-Content-one]" time="0.002" /><testcase classname="tests.unit.data.preprocessing.test_preprocessing_utils" name="test_remove_html_comments[&lt;p&gt;Visible&lt;/p&gt;&lt;!-- &lt;b&gt;hidden bold&lt;/b&gt; --&gt;-Visible-hidden bold]" time="0.001" /><testcase classname="tests.unit.data.preprocessing.test_preprocessing_utils" name="test_remove_html_comments[&lt;p&gt;Top&lt;/p&gt;&lt;!--\n  line one\n  line two\n--&gt;&lt;p&gt;Bottom&lt;/p&gt;-Bottom-line one]" time="0.001" /><testcase classname="tests.unit.data.preprocessing.test_preprocessing_utils" name="test_remove_html_comments[&lt;article&gt;&lt;p&gt;Just text&lt;/p&gt;&lt;/article&gt;-Just text-None]" time="0.001" /><testcase classname="tests.unit.data.preprocessing.test_preprocessing_utils" name="test_get_visible_text_length[&lt;html&gt;&lt;body&gt;&lt;h1&gt;Hello&lt;/h1&gt;  &lt;p&gt;World&lt;/p&gt; &lt;/body&gt;&lt;/html&gt;-11]" time="0.001" /><testcase classname="tests.unit.data.preprocessing.test_preprocessing_utils" name="test_get_visible_text_length[&lt;div&gt;  Lots of \n spaces  &lt;/div&gt;-16]" time="0.001" /><testcase classname="tests.unit.data.preprocessing.test_preprocessing_utils" name="test_get_visible_text_length[&lt;div&gt;&lt;span&gt;&lt;/span&gt;&lt;/div&gt;-0]" time="0.001" /><testcase classname="tests.unit.data.preprocessing.test_preprocessing_utils" name="test_get_visible_text_length[-0]" time="0.001" /><testcase classname="tests.unit.data.preprocessing.test_preprocessing_utils" name="test_get_visible_text_length[Just plain text-15]" time="0.001" /><testcase classname="tests.unit.data.preprocessing.test_preprocessing_utils" name="test_strip_html_body_wrappers[&lt;html&gt;&lt;head&gt;&lt;title&gt;Test&lt;/title&gt;&lt;/head&gt;&lt;body&gt;&lt;h2&gt;Body Content&lt;/h2&gt;&lt;p&gt;More&lt;/p&gt;&lt;/body&gt;&lt;/html&gt;-&lt;h2&gt;Body Content&lt;/h2&gt;-expected_output_excludes0]" time="0.001" /><testcase classname="tests.unit.data.preprocessing.test_preprocessing_utils" name="test_strip_html_body_wrappers[&lt;body&gt;&lt;div&gt;Inner Fragment&lt;/div&gt;&lt;/body&gt;-&lt;div&gt;Inner Fragment&lt;/div&gt;-expected_output_excludes1]" time="0.001" /><testcase classname="tests.unit.data.preprocessing.test_preprocessing_utils" name="test_strip_html_body_wrappers[&lt;p&gt;Just a raw fragment&lt;/p&gt;-&lt;p&gt;Just a raw fragment&lt;/p&gt;-expected_output_excludes2]" time="0.001" /><testcase classname="tests.unit.data.preprocessing.test_preprocessing_utils" name="test_strip_html_body_wrappers[&lt;html&gt;&lt;body&gt;&lt;/body&gt;&lt;/html&gt;--expected_output_excludes3]" time="0.001" /><testcase classname="tests.unit.data.tools.test_common" name="test_datetime_serializer[obj0-2024-06-15T10:30:00-False]" time="0.001" /><testcase classname="tests.unit.data.tools.test_common" name="test_datetime_serializer[obj1-2024-01-01T00:00:00.123456-False]" time="0.001" /><testcase classname="tests.unit.data.tools.test_common" name="test_datetime_serializer[obj2-2000-12-31T23:59:59-False]" time="0.001" /><testcase classname="tests.unit.data.tools.test_common" name="test_datetime_serializer[42-None-True]" time="0.001" /><testcase classname="tests.unit.data.tools.test_common" name="test_datetime_serializer[obj4-None-True]" time="0.001" /><testcase classname="tests.unit.data.tools.test_common" name="test_convert_date_str_in_iso[June 15, 2024-%B %d, %Y-2024-06-15-False]" time="0.001" /><testcase classname="tests.unit.data.tools.test_common" name="test_convert_date_str_in_iso[January 01, 2000-%B %d, %Y-2000-01-01-False]" time="0.001" /><testcase classname="tests.unit.data.tools.test_common" name="test_convert_date_str_in_iso[15/06/2024-%d/%m/%Y-2024-06-15-False]" time="0.001" /><testcase classname="tests.unit.data.tools.test_common" name="test_convert_date_str_in_iso[not-a-date-%B %d, %Y-None-True]" time="0.001" /><testcase classname="tests.unit.data.tools.test_common" name="test_convert_date_str_in_iso[2024-06-15-%B %d, %Y-None-True]" time="0.001" /><testcase classname="tests.unit.data.tools.test_common" name="test_read_json_file[{&quot;key&quot;: &quot;value&quot;}-expected0-False]" time="0.013" /><testcase classname="tests.unit.data.tools.test_common" name="test_read_json_file[[1, 2, 3]-expected1-False]" time="0.016" /><testcase classname="tests.unit.data.tools.test_common" name="test_read_json_file[{&quot;a&quot;: {&quot;b&quot;: 42}}-expected2-False]" time="0.017" /><testcase classname="tests.unit.data.tools.test_common" name="test_read_json_file[{&quot;bad&quot;: }-None-True]" time="0.016" /><testcase classname="tests.unit.data.tools.test_common" name="test_read_json_file[-None-True]" time="0.003" /><testcase classname="tests.unit.data.tools.test_common" name="test_read_json_file_missing_file" time="0.002" /><testcase classname="tests.unit.data.tools.test_common" name="test_write_json_file[data0-expected_keys0-True]" time="0.019" /><testcase classname="tests.unit.data.tools.test_common" name="test_write_json_file[data1-None-True]" time="0.017" /><testcase classname="tests.unit.data.tools.test_common" name="test_write_json_file[data2-expected_keys2-True]" time="0.015" /><testcase classname="tests.unit.data.tools.test_common" name="test_write_json_file[data3-None-True]" time="0.004" /><testcase classname="tests.unit.data.tools.test_common" name="test_write_json_file[data4-expected_keys4-True]" time="0.016" /><testcase classname="tests.unit.data.tools.test_common" name="test_write_json_file_creates_parent_dirs" time="0.005" /></testsuite></testsuites>