<?xml version="1.0" encoding="utf-8"?><testsuites name="pytest tests"><testsuite name="pytest" errors="0" failures="0" skipped="0" tests="60" time="0.356" timestamp="2026-06-07T16:04:58.851982+02:00" hostname="LAPTOP-VQ5BKVA1"><testcase classname="tests.data.collection.test_collection_utils" name="test_sleep_function" time="0.002" /><testcase classname="tests.data.collection.test_collection_utils" name="test_retry_success_first_attempt" time="0.000" /><testcase classname="tests.data.collection.test_collection_utils" name="test_retry_success_after_failures" time="0.001" /><testcase classname="tests.data.collection.test_collection_utils" name="test_retry_max_attempts_exceeded" time="0.001" /><testcase classname="tests.data.embedding.test_embedding_utils" name="test_assign_code_blocks_to_chunks[Intro text [CODE_BLOCK_0] end.-expected_code_contents0-1]" time="0.002" /><testcase classname="tests.data.embedding.test_embedding_utils" name="test_assign_code_blocks_to_chunks[See [CODE_BLOCK_2] and [CODE_BLOCK_0] for details.-expected_code_contents1-1]" time="0.001" /><testcase classname="tests.data.embedding.test_embedding_utils" name="test_assign_code_blocks_to_chunks[Plain text with no placeholders.-expected_code_contents2-1]" time="0.001" /><testcase classname="tests.data.embedding.test_embedding_utils" name="test_assign_code_blocks_to_chunks[Repeated [CODE_BLOCK_1]] and again [CODE_BLOCK_1].-expected_code_contents3-1]" time="0.001" /><testcase classname="tests.data.embedding.test_embedding_utils" name="test_assign_code_blocks_to_chunks[Reference to [CODE_BLOCK_99] which does not exist.-expected_code_contents4-1]" time="0.001" /><testcase classname="tests.data.embedding.test_embedding_utils" name="test_empty_chunks_list" time="0.000" /><testcase classname="tests.data.embedding.test_embedding_utils" name="test_empty_code_blocks_list" time="0.001" /><testcase classname="tests.data.embedding.test_embedding_utils" name="test_multiple_chunks_independently_assigned" time="0.001" /><testcase classname="tests.data.formatting.test_formatting_utils" name="test_build_document_creates_correct_instance" time="0.001" /><testcase classname="tests.data.formatting.test_formatting_utils" name="test_extract_title_prioritizes_h1" time="0.001" /><testcase classname="tests.data.formatting.test_formatting_utils" name="test_extract_title_falls_back_to_title_if_h1_empty" time="0.001" /><testcase classname="tests.data.formatting.test_formatting_utils" name="test_extract_title_falls_back_to_title_if_no_h1" time="0.001" /><testcase classname="tests.data.formatting.test_formatting_utils" name="test_extract_title_returns_untitled_when_no_tags_found" time="0.001" /><testcase classname="tests.data.formatting.test_formatting_utils" name="test_extract_code_blocks_returns_correct_list" time="0.001" /><testcase classname="tests.data.formatting.test_formatting_utils" name="test_extract_code_blocks_modifies_soup_with_placeholders" time="0.001" /><testcase classname="tests.data.formatting.test_formatting_utils" name="test_extract_code_blocks_with_custom_index_start" time="0.000" /><testcase classname="tests.data.preprocessing.test_preprocessing_utils" name="test_split_doc_types" time="0.001" /><testcase classname="tests.data.preprocessing.test_preprocessing_utils" name="test_extract_page_content_container" time="0.003" /><testcase classname="tests.data.preprocessing.test_preprocessing_utils" name="test_remove_container_by_class" time="0.001" /><testcase classname="tests.data.preprocessing.test_preprocessing_utils" name="test_remove_tags" time="0.001" /><testcase classname="tests.data.preprocessing.test_preprocessing_utils" name="test_remove_html_comments[&lt;p&gt;Hello&lt;/p&gt;&lt;!-- secret --&gt;&lt;p&gt;World&lt;/p&gt;-World-secret]" time="0.001" /><testcase classname="tests.data.preprocessing.test_preprocessing_utils" name="test_remove_html_comments[&lt;!-- one --&gt;&lt;div&gt;Content&lt;/div&gt;&lt;!-- two --&gt;-Content-one]" time="0.001" /><testcase classname="tests.data.preprocessing.test_preprocessing_utils" name="test_remove_html_comments[&lt;p&gt;Visible&lt;/p&gt;&lt;!-- &lt;b&gt;hidden bold&lt;/b&gt; --&gt;-Visible-hidden bold]" time="0.001" /><testcase classname="tests.data.preprocessing.test_preprocessing_utils" name="test_remove_html_comments[&lt;p&gt;Top&lt;/p&gt;&lt;!--\n  line one\n  line two\n--&gt;&lt;p&gt;Bottom&lt;/p&gt;-Bottom-line one]" time="0.001" /><testcase classname="tests.data.preprocessing.test_preprocessing_utils" name="test_remove_html_comments[&lt;article&gt;&lt;p&gt;Just text&lt;/p&gt;&lt;/article&gt;-Just text-None]" time="0.001" /><testcase classname="tests.data.preprocessing.test_preprocessing_utils" name="test_get_visible_text_length[&lt;html&gt;&lt;body&gt;&lt;h1&gt;Hello&lt;/h1&gt;  &lt;p&gt;World&lt;/p&gt; &lt;/body&gt;&lt;/html&gt;-11]" time="0.001" /><testcase classname="tests.data.preprocessing.test_preprocessing_utils" name="test_get_visible_text_length[&lt;div&gt;  Lots of \n spaces  &lt;/div&gt;-16]" time="0.001" /><testcase classname="tests.data.preprocessing.test_preprocessing_utils" name="test_get_visible_text_length[&lt;div&gt;&lt;span&gt;&lt;/span&gt;&lt;/div&gt;-0]" time="0.001" /><testcase classname="tests.data.preprocessing.test_preprocessing_utils" name="test_get_visible_text_length[-0]" time="0.001" /><testcase classname="tests.data.preprocessing.test_preprocessing_utils" name="test_get_visible_text_length[Just plain text-15]" time="0.001" /><testcase classname="tests.data.preprocessing.test_preprocessing_utils" name="test_strip_html_body_wrappers[&lt;html&gt;&lt;head&gt;&lt;title&gt;Test&lt;/title&gt;&lt;/head&gt;&lt;body&gt;&lt;h2&gt;Body Content&lt;/h2&gt;&lt;p&gt;More&lt;/p&gt;&lt;/body&gt;&lt;/html&gt;-&lt;h2&gt;Body Content&lt;/h2&gt;-expected_output_excludes0]" time="0.001" /><testcase classname="tests.data.preprocessing.test_preprocessing_utils" name="test_strip_html_body_wrappers[&lt;body&gt;&lt;div&gt;Inner Fragment&lt;/div&gt;&lt;/body&gt;-&lt;div&gt;Inner Fragment&lt;/div&gt;-expected_output_excludes1]" time="0.001" /><testcase classname="tests.data.preprocessing.test_preprocessing_utils" name="test_strip_html_body_wrappers[&lt;p&gt;Just a raw fragment&lt;/p&gt;-&lt;p&gt;Just a raw fragment&lt;/p&gt;-expected_output_excludes2]" time="0.001" /><testcase classname="tests.data.preprocessing.test_preprocessing_utils" name="test_strip_html_body_wrappers[&lt;html&gt;&lt;body&gt;&lt;/body&gt;&lt;/html&gt;--expected_output_excludes3]" time="0.001" /><testcase classname="tests.data.tools.test_common" name="test_datetime_serializer[obj0-2024-06-15T10:30:00-False]" time="0.001" /><testcase classname="tests.data.tools.test_common" name="test_datetime_serializer[obj1-2024-01-01T00:00:00.123456-False]" time="0.000" /><testcase classname="tests.data.tools.test_common" name="test_datetime_serializer[obj2-2000-12-31T23:59:59-False]" time="0.001" /><testcase classname="tests.data.tools.test_common" name="test_datetime_serializer[42-None-True]" time="0.001" /><testcase classname="tests.data.tools.test_common" name="test_datetime_serializer[obj4-None-True]" time="0.000" /><testcase classname="tests.data.tools.test_common" name="test_convert_date_str_in_iso[June 15, 2024-%B %d, %Y-2024-06-15-False]" time="0.004" /><testcase classname="tests.data.tools.test_common" name="test_convert_date_str_in_iso[January 01, 2000-%B %d, %Y-2000-01-01-False]" time="0.001" /><testcase classname="tests.data.tools.test_common" name="test_convert_date_str_in_iso[15/06/2024-%d/%m/%Y-2024-06-15-False]" time="0.001" /><testcase classname="tests.data.tools.test_common" name="test_convert_date_str_in_iso[not-a-date-%B %d, %Y-None-True]" time="0.001" /><testcase classname="tests.data.tools.test_common" name="test_convert_date_str_in_iso[2024-06-15-%B %d, %Y-None-True]" time="0.001" /><testcase classname="tests.data.tools.test_common" name="test_read_json_file[{&quot;key&quot;: &quot;value&quot;}-expected0-False]" time="0.012" /><testcase classname="tests.data.tools.test_common" name="test_read_json_file[[1, 2, 3]-expected1-False]" time="0.004" /><testcase classname="tests.data.tools.test_common" name="test_read_json_file[{&quot;a&quot;: {&quot;b&quot;: 42}}-expected2-False]" time="0.005" /><testcase classname="tests.data.tools.test_common" name="test_read_json_file[{&quot;bad&quot;: }-None-True]" time="0.004" /><testcase classname="tests.data.tools.test_common" name="test_read_json_file[-None-True]" time="0.003" /><testcase classname="tests.data.tools.test_common" name="test_read_json_file_missing_file" time="0.002" /><testcase classname="tests.data.tools.test_common" name="test_write_json_file[data0-expected_keys0-True]" time="0.005" /><testcase classname="tests.data.tools.test_common" name="test_write_json_file[data1-None-True]" time="0.004" /><testcase classname="tests.data.tools.test_common" name="test_write_json_file[data2-expected_keys2-True]" time="0.004" /><testcase classname="tests.data.tools.test_common" name="test_write_json_file[data3-None-True]" time="0.003" /><testcase classname="tests.data.tools.test_common" name="test_write_json_file[data4-expected_keys4-True]" time="0.004" /><testcase classname="tests.data.tools.test_common" name="test_write_json_file_creates_parent_dirs" time="0.004" /></testsuite></testsuites>